<?xml version="1.0" encoding="UTF-8"?>
<testng-results ignored="0" total="1" passed="1" failed="0" skipped="0">
  <reporter-output>
  </reporter-output>
  <suite started-at="2019-09-21T19:01:39 NPT" name="Default suite" finished-at="2019-09-21T19:02:46 NPT" duration-ms="66821">
    <groups>
    </groups>
    <test started-at="2019-09-21T19:01:39 NPT" name="Default test" finished-at="2019-09-21T19:02:46 NPT" duration-ms="66821">
      <class name="RunFile.ExecuteFile">
        <test-method is-config="true" signature="setup()[pri:0, instance:RunFile.ExecuteFile@595b007d]" started-at="2019-09-21T19:01:39 NPT" name="setup" finished-at="2019-09-21T19:01:51 NPT" duration-ms="11949" status="PASS">
          <reporter-output>
          </reporter-output>
        </test-method> <!-- setup -->
        <test-method signature="validSignup()[pri:0, instance:RunFile.ExecuteFile@595b007d]" started-at="2019-09-21T19:01:51 NPT" name="validSignup" finished-at="2019-09-21T19:02:45 NPT" duration-ms="54037" status="PASS">
          <reporter-output>
          </reporter-output>
        </test-method> <!-- validSignup -->
        <test-method is-config="true" signature="close()[pri:0, instance:RunFile.ExecuteFile@595b007d]" started-at="2019-09-21T19:02:45 NPT" name="close" finished-at="2019-09-21T19:02:46 NPT" duration-ms="793" status="PASS">
          <reporter-output>
          </reporter-output>
        </test-method> <!-- close -->
      </class> <!-- RunFile.ExecuteFile -->
    </test> <!-- Default test -->
  </suite> <!-- Default suite -->
</testng-results>
